2026-06-09 20:04:47,101 - app.routes - ERROR - 404 error: /favicon.ico
2026-06-09 20:04:49,134 - app.routes - WARNING - Failed login attempt for username: test@mail.ru
2026-06-09 20:04:49,166 - app.routes - ERROR - 404 error: /favicon.ico
2026-06-09 20:04:56,763 - app.routes - WARNING - Failed login attempt for username: test2@mail.ru
2026-06-09 20:04:56,796 - app.routes - ERROR - 404 error: /favicon.ico
2026-06-09 20:04:58,201 - app.routes - WARNING - Failed login attempt for username: test2@mail.ru
2026-06-09 20:04:58,231 - app.routes - ERROR - 404 error: /favicon.ico
2026-06-09 20:05:02,383 - app.routes - WARNING - Failed login attempt for username: test@mail.ru
2026-06-09 20:05:02,417 - app.routes - ERROR - 404 error: /favicon.ico
2026-06-09 20:05:05,496 - app.routes - INFO - User muha logged in successfully
2026-06-09 20:05:05,508 - app.routes - INFO - User muha viewed tasks list (status=all, priority=all)
2026-06-09 20:05:05,538 - app.routes - ERROR - 404 error: /favicon.ico
2026-06-09 20:05:11,315 - app.routes - INFO - User muha viewed tasks list (status=active, priority=all)
2026-06-09 20:05:11,343 - app.routes - ERROR - 404 error: /favicon.ico
2026-06-09 20:05:11,852 - app.routes - INFO - User muha viewed tasks list (status=active, priority=1)
2026-06-09 20:05:11,875 - app.routes - ERROR - 404 error: /favicon.ico
2026-06-09 20:05:12,879 - app.routes - INFO - User muha viewed tasks list (status=active, priority=all)
2026-06-09 20:05:12,903 - app.routes - ERROR - 404 error: /favicon.ico
2026-06-09 20:05:15,098 - app.routes - INFO - User muha viewed tasks list (status=all, priority=all)
2026-06-09 20:05:15,126 - app.routes - ERROR - 404 error: /favicon.ico
2026-06-09 20:05:15,891 - app.routes - INFO - User muha viewed calendar for 2026-6 with 5 tasks
2026-06-09 20:05:15,926 - app.routes - ERROR - 404 error: /favicon.ico
2026-06-09 20:05:19,115 - app.routes - INFO - User muha viewed tasks list (status=all, priority=all)
2026-06-09 20:05:19,139 - app.routes - ERROR - 404 error: /favicon.ico
2026-06-09 20:05:24,227 - app.routes - ERROR - 404 error: /favicon.ico
2026-06-09 20:05:32,179 - app.routes - INFO - User muha created task ID 11: "aldkfae"
2026-06-09 20:05:32,192 - app.routes - INFO - User muha viewed tasks list (status=all, priority=all)
2026-06-09 20:05:32,210 - app.routes - ERROR - 404 error: /favicon.ico
2026-06-09 20:05:33,642 - app.routes - ERROR - 404 error: /favicon.ico
2026-06-09 20:05:34,093 - app.routes - INFO - User muha viewed calendar for 2026-6 with 6 tasks
2026-06-09 20:05:34,112 - app.routes - ERROR - 404 error: /favicon.ico
2026-06-09 20:05:39,943 - app.routes - INFO - User muha viewed calendar for 2026-7 with 0 tasks
2026-06-09 20:05:39,993 - app.routes - ERROR - 404 error: /favicon.ico
2026-06-09 20:05:40,612 - app.routes - INFO - User muha viewed calendar for 2026-6 with 6 tasks
2026-06-09 20:05:40,637 - app.routes - ERROR - 404 error: /favicon.ico
2026-06-09 20:05:43,399 - app.routes - INFO - User muha viewed tasks list (status=all, priority=all)
2026-06-09 20:05:43,426 - app.routes - ERROR - 404 error: /favicon.ico
2026-06-09 20:05:44,942 - app.routes - INFO - User muha viewed tasks list (status=active, priority=all)
2026-06-09 20:05:44,963 - app.routes - ERROR - 404 error: /favicon.ico
2026-06-09 20:05:45,741 - app.routes - INFO - User muha viewed tasks list (status=active, priority=1)
2026-06-09 20:05:45,759 - app.routes - ERROR - 404 error: /favicon.ico
2026-06-09 20:05:46,244 - app.routes - INFO - User muha viewed tasks list (status=active, priority=2)
2026-06-09 20:05:46,269 - app.routes - ERROR - 404 error: /favicon.ico
2026-06-09 20:05:48,129 - app.routes - INFO - User muha viewed tasks list (status=active, priority=3)
2026-06-09 20:05:48,154 - app.routes - ERROR - 404 error: /favicon.ico
2026-06-09 20:05:49,012 - app.routes - INFO - User muha viewed tasks list (status=completed, priority=3)
2026-06-09 20:05:49,037 - app.routes - ERROR - 404 error: /favicon.ico
2026-06-09 20:05:49,663 - app.routes - INFO - User muha viewed tasks list (status=all, priority=3)
2026-06-09 20:05:49,686 - app.routes - ERROR - 404 error: /favicon.ico
2026-06-09 20:05:50,399 - app.routes - INFO - User muha viewed tasks list (status=all, priority=all)
2026-06-09 20:05:50,425 - app.routes - ERROR - 404 error: /favicon.ico
2026-06-09 20:05:51,479 - app.routes - INFO - User muha marked task 9 as completed
2026-06-09 20:05:51,494 - app.routes - INFO - User muha viewed tasks list (status=all, priority=all)
2026-06-09 20:05:51,517 - app.routes - ERROR - 404 error: /favicon.ico
2026-06-09 20:05:52,311 - app.routes - INFO - User muha viewed tasks list (status=completed, priority=all)
2026-06-09 20:05:52,328 - app.routes - ERROR - 404 error: /favicon.ico
2026-06-09 20:05:54,561 - app.routes - INFO - User muha viewed tasks list (status=all, priority=all)
2026-06-09 20:05:54,580 - app.routes - ERROR - 404 error: /favicon.ico
